2013-12-02 15:11:07,006-[TS] INFO Timer-0 com.android.shop.timer.PushTimerTask - 2013-12-02 15:11:7 user size 0
2013-12-02 15:11:15,307-[TS] INFO New I/O  worker #1 com.android.shop.handler.ServerHandler - 2013-12-02 15:11:15 login with null name
2013-12-02 15:11:15,308-[TS] INFO New I/O  worker #1 com.android.shop.handler.ServerHandler - 2013-12-02 15:11:15 the user: null disconnect from server 
2013-12-02 15:11:15,308-[TS] INFO New I/O  worker #1 com.android.shop.handler.ServerHandler -  close null name:org.jboss.netty.channel.AbstractChannel$ChannelCloseFuture@90affe
2013-12-02 15:12:27,007-[TS] INFO Timer-0 com.android.shop.timer.PushTimerTask - 2013-12-02 15:12:27 user size 0
2013-12-02 15:13:55,589-[TS] INFO Timer-0 com.android.shop.timer.PushTimerTask - 2013-12-02 15:13:55 user size 0
2013-12-02 15:14:38,098-[TS] INFO New I/O  worker #1 com.android.shop.handler.ServerHandler - 2013-12-02 15:14:38:460009071320572 login service.
2013-12-02 15:14:55,908-[TS] INFO New I/O  worker #2 com.android.shop.handler.ServerHandler - 2013-12-02 15:14:55 login with null name
2013-12-02 15:14:55,909-[TS] INFO New I/O  worker #2 com.android.shop.handler.ServerHandler - 2013-12-02 15:14:55 the user: null disconnect from server 
2013-12-02 15:14:55,910-[TS] INFO New I/O  worker #2 com.android.shop.handler.ServerHandler - close null name:org.jboss.netty.channel.AbstractChannel$ChannelCloseFuture@13e55db
2013-12-02 15:15:15,589-[TS] INFO Timer-0 com.android.shop.timer.PushTimerTask - 2013-12-02 15:15:15 user size 1
2013-12-02 15:17:06,484-[TS] INFO New I/O  worker #1 com.android.shop.handler.ServerHandler - 2013-12-02 15:17:6 the user: 460009071320572 disconnect from server 
2013-12-02 15:17:16,444-[TS] INFO Timer-0 com.android.shop.timer.PushTimerTask - 2013-12-02 15:17:16 user size 0
2013-12-02 15:18:36,445-[TS] INFO Timer-0 com.android.shop.timer.PushTimerTask - 2013-12-02 15:18:36 user size 0
2013-12-02 15:19:02,128-[TS] INFO New I/O  worker #1 com.android.shop.handler.ServerHandler - 2013-12-02 15:19:2 login with null name
2013-12-02 15:19:02,129-[TS] INFO New I/O  worker #1 com.android.shop.handler.ServerHandler - 2013-12-02 15:19:2 the user: null disconnect from server 
2013-12-02 15:19:02,130-[TS] INFO New I/O  worker #1 com.android.shop.handler.ServerHandler - close null name:org.jboss.netty.channel.AbstractChannel$ChannelCloseFuture@d52411
2013-12-02 15:19:56,445-[TS] INFO Timer-0 com.android.shop.timer.PushTimerTask - 2013-12-02 15:19:56 user size 0
2013-12-02 15:21:16,446-[TS] INFO Timer-0 com.android.shop.timer.PushTimerTask - 2013-12-02 15:21:16 user size 0
2013-12-02 15:22:36,447-[TS] INFO Timer-0 com.android.shop.timer.PushTimerTask - 2013-12-02 15:22:36 user size 0
2013-12-02 15:23:56,447-[TS] INFO Timer-0 com.android.shop.timer.PushTimerTask - 2013-12-02 15:23:56 user size 0
2013-12-02 15:25:16,448-[TS] INFO Timer-0 com.android.shop.timer.PushTimerTask - 2013-12-02 15:25:16 user size 0
2013-12-02 15:26:36,448-[TS] INFO Timer-0 com.android.shop.timer.PushTimerTask - 2013-12-02 15:26:36 user size 0
